<?xml version="1.0" encoding="UTF-8"?>
<testsuite xmlns:xsi="http://www.w3.org/2001/XMLSchema-instance" xsi:noNamespaceSchemaLocation="https://maven.apache.org/surefire/maven-failsafe-plugin/xsd/failsafe-test-report-3.0.xsd" version="3.0" name="com.epam.brest.service.web_app.AdminCategoryControllerIT" time="4.016" tests="12" errors="0" skipped="0" failures="0">
  <properties>
    <property name="sun.desktop" value="gnome"/>
    <property name="awt.toolkit" value="sun.awt.X11.XToolkit"/>
    <property name="java.specification.version" value="11"/>
    <property name="sun.cpu.isalist" value=""/>
    <property name="sun.jnu.encoding" value="UTF-8"/>
    <property name="java.class.path" value="/home/stas/sMenko/web-app/target/test-classes:/home/stas/sMenko/web-app/target/classes:/home/stas/sMenko/model/target/model-1.0-SNAPSHOT.jar:/home/stas/.m2/repository/org/springframework/spring-tx/5.3.5/spring-tx-5.3.5.jar:/home/stas/.m2/repository/org/springframework/spring-orm/5.3.5/spring-orm-5.3.5.jar:/home/stas/.m2/repository/org/springframework/spring-jdbc/5.3.5/spring-jdbc-5.3.5.jar:/home/stas/.m2/repository/org/hibernate/hibernate-core/5.4.29.Final/hibernate-core-5.4.29.Final.jar:/home/stas/.m2/repository/org/jboss/logging/jboss-logging/3.4.1.Final/jboss-logging-3.4.1.Final.jar:/home/stas/.m2/repository/javax/persistence/javax.persistence-api/2.2/javax.persistence-api-2.2.jar:/home/stas/.m2/repository/org/javassist/javassist/3.27.0-GA/javassist-3.27.0-GA.jar:/home/stas/.m2/repository/net/bytebuddy/byte-buddy/1.10.22/byte-buddy-1.10.22.jar:/home/stas/.m2/repository/antlr/antlr/2.7.7/antlr-2.7.7.jar:/home/stas/.m2/repository/org/jboss/spec/javax/transaction/jboss-transaction-api_1.2_spec/1.1.1.Final/jboss-transaction-api_1.2_spec-1.1.1.Final.jar:/home/stas/.m2/repository/org/jboss/jandex/2.2.3.Final/jandex-2.2.3.Final.jar:/home/stas/.m2/repository/com/fasterxml/classmate/1.5.1/classmate-1.5.1.jar:/home/stas/.m2/repository/javax/activation/javax.activation-api/1.2.0/javax.activation-api-1.2.0.jar:/home/stas/.m2/repository/org/dom4j/dom4j/2.1.3/dom4j-2.1.3.jar:/home/stas/.m2/repository/org/hibernate/common/hibernate-commons-annotations/5.1.2.Final/hibernate-commons-annotations-5.1.2.Final.jar:/home/stas/.m2/repository/org/glassfish/jaxb/jaxb-runtime/2.3.3/jaxb-runtime-2.3.3.jar:/home/stas/.m2/repository/org/glassfish/jaxb/txw2/2.3.3/txw2-2.3.3.jar:/home/stas/.m2/repository/com/sun/istack/istack-commons-runtime/3.0.11/istack-commons-runtime-3.0.11.jar:/home/stas/.m2/repository/com/sun/activation/jakarta.activation/1.2.2/jakarta.activation-1.2.2.jar:/home/stas/.m2/repository/com/h2database/h2/1.4.200/h2-1.4.200.jar:/home/stas/.m2/repository/javax/servlet/jsp/javax.servlet.jsp-api/2.3.1/javax.servlet.jsp-api-2.3.1.jar:/home/stas/.m2/repository/javax/xml/bind/jaxb-api/2.3.1/jaxb-api-2.3.1.jar:/home/stas/.m2/repository/org/hibernate/validator/hibernate-validator/6.1.7.Final/hibernate-validator-6.1.7.Final.jar:/home/stas/.m2/repository/jakarta/validation/jakarta.validation-api/2.0.2/jakarta.validation-api-2.0.2.jar:/home/stas/.m2/repository/commons-fileupload/commons-fileupload/1.4/commons-fileupload-1.4.jar:/home/stas/.m2/repository/commons-io/commons-io/2.2/commons-io-2.2.jar:/home/stas/.m2/repository/org/springframework/security/spring-security-crypto/5.4.5/spring-security-crypto-5.4.5.jar:/home/stas/.m2/repository/com/fasterxml/jackson/datatype/jackson-datatype-jdk8/2.9.6/jackson-datatype-jdk8-2.9.6.jar:/home/stas/.m2/repository/com/fasterxml/jackson/core/jackson-core/2.11.4/jackson-core-2.11.4.jar:/home/stas/sMenko/service-api/target/service-api-1.0-SNAPSHOT.jar:/home/stas/sMenko/service-rest/target/service-rest-1.0-SNAPSHOT.jar:/home/stas/.m2/repository/com/fasterxml/jackson/core/jackson-databind/2.11.4/jackson-databind-2.11.4.jar:/home/stas/.m2/repository/com/fasterxml/jackson/core/jackson-annotations/2.11.4/jackson-annotations-2.11.4.jar:/home/stas/.m2/repository/org/springframework/spring-context/5.3.5/spring-context-5.3.5.jar:/home/stas/.m2/repository/org/springframework/spring-aop/5.3.5/spring-aop-5.3.5.jar:/home/stas/.m2/repository/org/springframework/spring-beans/5.3.5/spring-beans-5.3.5.jar:/home/stas/.m2/repository/org/springframework/spring-core/5.3.5/spring-core-5.3.5.jar:/home/stas/.m2/repository/org/springframework/spring-jcl/5.3.5/spring-jcl-5.3.5.jar:/home/stas/.m2/repository/org/springframework/spring-expression/5.3.5/spring-expression-5.3.5.jar:/home/stas/.m2/repository/org/springframework/spring-web/5.3.5/spring-web-5.3.5.jar:/home/stas/.m2/repository/org/springframework/spring-webmvc/5.3.5/spring-webmvc-5.3.5.jar:/home/stas/.m2/repository/javax/servlet/javax.servlet-api/4.0.0/javax.servlet-api-4.0.0.jar:/home/stas/.m2/repository/ch/qos/logback/logback-core/1.2.3/logback-core-1.2.3.jar:/home/stas/.m2/repository/org/slf4j/slf4j-api/1.7.30/slf4j-api-1.7.30.jar:/home/stas/.m2/repository/ch/qos/logback/logback-classic/1.2.3/logback-classic-1.2.3.jar:/home/stas/.m2/repository/org/apache/commons/commons-lang3/3.8/commons-lang3-3.8.jar:/home/stas/.m2/repository/org/hamcrest/hamcrest-all/1.3/hamcrest-all-1.3.jar:/home/stas/.m2/repository/org/springframework/spring-test/5.3.5/spring-test-5.3.5.jar:/home/stas/.m2/repository/org/junit/jupiter/junit-jupiter-api/5.7.1/junit-jupiter-api-5.7.1.jar:/home/stas/.m2/repository/org/apiguardian/apiguardian-api/1.1.0/apiguardian-api-1.1.0.jar:/home/stas/.m2/repository/org/opentest4j/opentest4j/1.2.0/opentest4j-1.2.0.jar:/home/stas/.m2/repository/org/junit/platform/junit-platform-commons/1.7.1/junit-platform-commons-1.7.1.jar:/home/stas/.m2/repository/org/junit/jupiter/junit-jupiter-engine/5.7.1/junit-jupiter-engine-5.7.1.jar:/home/stas/.m2/repository/org/junit/platform/junit-platform-engine/1.7.1/junit-platform-engine-1.7.1.jar:/home/stas/.m2/repository/org/springframework/boot/spring-boot-starter-web/2.4.4/spring-boot-starter-web-2.4.4.jar:/home/stas/.m2/repository/org/springframework/boot/spring-boot-starter/2.4.4/spring-boot-starter-2.4.4.jar:/home/stas/.m2/repository/org/springframework/boot/spring-boot/2.4.4/spring-boot-2.4.4.jar:/home/stas/.m2/repository/org/springframework/boot/spring-boot-autoconfigure/2.4.4/spring-boot-autoconfigure-2.4.4.jar:/home/stas/.m2/repository/org/springframework/boot/spring-boot-starter-logging/2.4.4/spring-boot-starter-logging-2.4.4.jar:/home/stas/.m2/repository/org/apache/logging/log4j/log4j-to-slf4j/2.13.3/log4j-to-slf4j-2.13.3.jar:/home/stas/.m2/repository/org/apache/logging/log4j/log4j-api/2.13.3/log4j-api-2.13.3.jar:/home/stas/.m2/repository/org/slf4j/jul-to-slf4j/1.7.30/jul-to-slf4j-1.7.30.jar:/home/stas/.m2/repository/jakarta/annotation/jakarta.annotation-api/1.3.5/jakarta.annotation-api-1.3.5.jar:/home/stas/.m2/repository/org/yaml/snakeyaml/1.27/snakeyaml-1.27.jar:/home/stas/.m2/repository/org/springframework/boot/spring-boot-starter-json/2.4.4/spring-boot-starter-json-2.4.4.jar:/home/stas/.m2/repository/com/fasterxml/jackson/datatype/jackson-datatype-jsr310/2.11.4/jackson-datatype-jsr310-2.11.4.jar:/home/stas/.m2/repository/com/fasterxml/jackson/module/jackson-module-parameter-names/2.11.4/jackson-module-parameter-names-2.11.4.jar:/home/stas/.m2/repository/org/springframework/boot/spring-boot-starter-tomcat/2.4.4/spring-boot-starter-tomcat-2.4.4.jar:/home/stas/.m2/repository/org/glassfish/jakarta.el/3.0.3/jakarta.el-3.0.3.jar:/home/stas/.m2/repository/org/apache/tomcat/embed/tomcat-embed-websocket/9.0.44/tomcat-embed-websocket-9.0.44.jar:/home/stas/.m2/repository/javax/servlet/jstl/1.2/jstl-1.2.jar:/home/stas/.m2/repository/org/apache/tomcat/embed/tomcat-embed-jasper/9.0.44/tomcat-embed-jasper-9.0.44.jar:/home/stas/.m2/repository/org/apache/tomcat/embed/tomcat-embed-core/9.0.44/tomcat-embed-core-9.0.44.jar:/home/stas/.m2/repository/org/apache/tomcat/tomcat-annotations-api/9.0.44/tomcat-annotations-api-9.0.44.jar:/home/stas/.m2/repository/org/apache/tomcat/embed/tomcat-embed-el/9.0.44/tomcat-embed-el-9.0.44.jar:/home/stas/.m2/repository/org/eclipse/jdt/ecj/3.18.0/ecj-3.18.0.jar:/home/stas/.m2/repository/org/eclipse/jdt/core/compiler/ecj/4.6.1/ecj-4.6.1.jar:/home/stas/.m2/repository/org/springframework/boot/spring-boot-starter-test/2.4.4/spring-boot-starter-test-2.4.4.jar:/home/stas/.m2/repository/org/springframework/boot/spring-boot-test/2.4.4/spring-boot-test-2.4.4.jar:/home/stas/.m2/repository/org/springframework/boot/spring-boot-test-autoconfigure/2.4.4/spring-boot-test-autoconfigure-2.4.4.jar:/home/stas/.m2/repository/com/jayway/jsonpath/json-path/2.4.0/json-path-2.4.0.jar:/home/stas/.m2/repository/net/minidev/json-smart/2.3/json-smart-2.3.jar:/home/stas/.m2/repository/net/minidev/accessors-smart/1.2/accessors-smart-1.2.jar:/home/stas/.m2/repository/org/ow2/asm/asm/5.0.4/asm-5.0.4.jar:/home/stas/.m2/repository/jakarta/xml/bind/jakarta.xml.bind-api/2.3.3/jakarta.xml.bind-api-2.3.3.jar:/home/stas/.m2/repository/jakarta/activation/jakarta.activation-api/1.2.2/jakarta.activation-api-1.2.2.jar:/home/stas/.m2/repository/org/assertj/assertj-core/3.18.1/assertj-core-3.18.1.jar:/home/stas/.m2/repository/org/hamcrest/hamcrest/2.2/hamcrest-2.2.jar:/home/stas/.m2/repository/org/junit/jupiter/junit-jupiter/5.7.1/junit-jupiter-5.7.1.jar:/home/stas/.m2/repository/org/junit/jupiter/junit-jupiter-params/5.7.1/junit-jupiter-params-5.7.1.jar:/home/stas/.m2/repository/org/mockito/mockito-core/3.8.0/mockito-core-3.8.0.jar:/home/stas/.m2/repository/net/bytebuddy/byte-buddy-agent/1.10.22/byte-buddy-agent-1.10.22.jar:/home/stas/.m2/repository/org/objenesis/objenesis/3.1/objenesis-3.1.jar:/home/stas/.m2/repository/org/mockito/mockito-junit-jupiter/3.8.0/mockito-junit-jupiter-3.8.0.jar:/home/stas/.m2/repository/org/skyscreamer/jsonassert/1.5.0/jsonassert-1.5.0.jar:/home/stas/.m2/repository/com/vaadin/external/google/android-json/0.0.20131108.vaadin1/android-json-0.0.20131108.vaadin1.jar:/home/stas/.m2/repository/org/xmlunit/xmlunit-core/2.7.0/xmlunit-core-2.7.0.jar:"/>
    <property name="java.vm.vendor" value="Ubuntu"/>
    <property name="sun.arch.data.model" value="64"/>
    <property name="java.vendor.url" value="https://ubuntu.com/"/>
    <property name="user.timezone" value="Europe/Moscow"/>
    <property name="java.vm.specification.version" value="11"/>
    <property name="os.name" value="Linux"/>
    <property name="sun.java.launcher" value="SUN_STANDARD"/>
    <property name="user.country" value="RU"/>
    <property name="sun.boot.library.path" value="/usr/lib/jvm/java-11-openjdk-amd64/lib"/>
    <property name="sun.java.command" value="/home/stas/sMenko/web-app/target/surefire/surefirebooter17261596214931161630.jar /home/stas/sMenko/web-app/target/surefire 2021-04-21T17-13-42_726-jvmRun1 surefire15544720915907619200tmp surefire_0706803831594624369tmp"/>
    <property name="jdk.debug" value="release"/>
    <property name="surefire.test.class.path" value="/home/stas/sMenko/web-app/target/test-classes:/home/stas/sMenko/web-app/target/classes:/home/stas/sMenko/model/target/model-1.0-SNAPSHOT.jar:/home/stas/.m2/repository/org/springframework/spring-tx/5.3.5/spring-tx-5.3.5.jar:/home/stas/.m2/repository/org/springframework/spring-orm/5.3.5/spring-orm-5.3.5.jar:/home/stas/.m2/repository/org/springframework/spring-jdbc/5.3.5/spring-jdbc-5.3.5.jar:/home/stas/.m2/repository/org/hibernate/hibernate-core/5.4.29.Final/hibernate-core-5.4.29.Final.jar:/home/stas/.m2/repository/org/jboss/logging/jboss-logging/3.4.1.Final/jboss-logging-3.4.1.Final.jar:/home/stas/.m2/repository/javax/persistence/javax.persistence-api/2.2/javax.persistence-api-2.2.jar:/home/stas/.m2/repository/org/javassist/javassist/3.27.0-GA/javassist-3.27.0-GA.jar:/home/stas/.m2/repository/net/bytebuddy/byte-buddy/1.10.22/byte-buddy-1.10.22.jar:/home/stas/.m2/repository/antlr/antlr/2.7.7/antlr-2.7.7.jar:/home/stas/.m2/repository/org/jboss/spec/javax/transaction/jboss-transaction-api_1.2_spec/1.1.1.Final/jboss-transaction-api_1.2_spec-1.1.1.Final.jar:/home/stas/.m2/repository/org/jboss/jandex/2.2.3.Final/jandex-2.2.3.Final.jar:/home/stas/.m2/repository/com/fasterxml/classmate/1.5.1/classmate-1.5.1.jar:/home/stas/.m2/repository/javax/activation/javax.activation-api/1.2.0/javax.activation-api-1.2.0.jar:/home/stas/.m2/repository/org/dom4j/dom4j/2.1.3/dom4j-2.1.3.jar:/home/stas/.m2/repository/org/hibernate/common/hibernate-commons-annotations/5.1.2.Final/hibernate-commons-annotations-5.1.2.Final.jar:/home/stas/.m2/repository/org/glassfish/jaxb/jaxb-runtime/2.3.3/jaxb-runtime-2.3.3.jar:/home/stas/.m2/repository/org/glassfish/jaxb/txw2/2.3.3/txw2-2.3.3.jar:/home/stas/.m2/repository/com/sun/istack/istack-commons-runtime/3.0.11/istack-commons-runtime-3.0.11.jar:/home/stas/.m2/repository/com/sun/activation/jakarta.activation/1.2.2/jakarta.activation-1.2.2.jar:/home/stas/.m2/repository/com/h2database/h2/1.4.200/h2-1.4.200.jar:/home/stas/.m2/repository/javax/servlet/jsp/javax.servlet.jsp-api/2.3.1/javax.servlet.jsp-api-2.3.1.jar:/home/stas/.m2/repository/javax/xml/bind/jaxb-api/2.3.1/jaxb-api-2.3.1.jar:/home/stas/.m2/repository/org/hibernate/validator/hibernate-validator/6.1.7.Final/hibernate-validator-6.1.7.Final.jar:/home/stas/.m2/repository/jakarta/validation/jakarta.validation-api/2.0.2/jakarta.validation-api-2.0.2.jar:/home/stas/.m2/repository/commons-fileupload/commons-fileupload/1.4/commons-fileupload-1.4.jar:/home/stas/.m2/repository/commons-io/commons-io/2.2/commons-io-2.2.jar:/home/stas/.m2/repository/org/springframework/security/spring-security-crypto/5.4.5/spring-security-crypto-5.4.5.jar:/home/stas/.m2/repository/com/fasterxml/jackson/datatype/jackson-datatype-jdk8/2.9.6/jackson-datatype-jdk8-2.9.6.jar:/home/stas/.m2/repository/com/fasterxml/jackson/core/jackson-core/2.11.4/jackson-core-2.11.4.jar:/home/stas/sMenko/service-api/target/service-api-1.0-SNAPSHOT.jar:/home/stas/sMenko/service-rest/target/service-rest-1.0-SNAPSHOT.jar:/home/stas/.m2/repository/com/fasterxml/jackson/core/jackson-databind/2.11.4/jackson-databind-2.11.4.jar:/home/stas/.m2/repository/com/fasterxml/jackson/core/jackson-annotations/2.11.4/jackson-annotations-2.11.4.jar:/home/stas/.m2/repository/org/springframework/spring-context/5.3.5/spring-context-5.3.5.jar:/home/stas/.m2/repository/org/springframework/spring-aop/5.3.5/spring-aop-5.3.5.jar:/home/stas/.m2/repository/org/springframework/spring-beans/5.3.5/spring-beans-5.3.5.jar:/home/stas/.m2/repository/org/springframework/spring-core/5.3.5/spring-core-5.3.5.jar:/home/stas/.m2/repository/org/springframework/spring-jcl/5.3.5/spring-jcl-5.3.5.jar:/home/stas/.m2/repository/org/springframework/spring-expression/5.3.5/spring-expression-5.3.5.jar:/home/stas/.m2/repository/org/springframework/spring-web/5.3.5/spring-web-5.3.5.jar:/home/stas/.m2/repository/org/springframework/spring-webmvc/5.3.5/spring-webmvc-5.3.5.jar:/home/stas/.m2/repository/javax/servlet/javax.servlet-api/4.0.0/javax.servlet-api-4.0.0.jar:/home/stas/.m2/repository/ch/qos/logback/logback-core/1.2.3/logback-core-1.2.3.jar:/home/stas/.m2/repository/org/slf4j/slf4j-api/1.7.30/slf4j-api-1.7.30.jar:/home/stas/.m2/repository/ch/qos/logback/logback-classic/1.2.3/logback-classic-1.2.3.jar:/home/stas/.m2/repository/org/apache/commons/commons-lang3/3.8/commons-lang3-3.8.jar:/home/stas/.m2/repository/org/hamcrest/hamcrest-all/1.3/hamcrest-all-1.3.jar:/home/stas/.m2/repository/org/springframework/spring-test/5.3.5/spring-test-5.3.5.jar:/home/stas/.m2/repository/org/junit/jupiter/junit-jupiter-api/5.7.1/junit-jupiter-api-5.7.1.jar:/home/stas/.m2/repository/org/apiguardian/apiguardian-api/1.1.0/apiguardian-api-1.1.0.jar:/home/stas/.m2/repository/org/opentest4j/opentest4j/1.2.0/opentest4j-1.2.0.jar:/home/stas/.m2/repository/org/junit/platform/junit-platform-commons/1.7.1/junit-platform-commons-1.7.1.jar:/home/stas/.m2/repository/org/junit/jupiter/junit-jupiter-engine/5.7.1/junit-jupiter-engine-5.7.1.jar:/home/stas/.m2/repository/org/junit/platform/junit-platform-engine/1.7.1/junit-platform-engine-1.7.1.jar:/home/stas/.m2/repository/org/springframework/boot/spring-boot-starter-web/2.4.4/spring-boot-starter-web-2.4.4.jar:/home/stas/.m2/repository/org/springframework/boot/spring-boot-starter/2.4.4/spring-boot-starter-2.4.4.jar:/home/stas/.m2/repository/org/springframework/boot/spring-boot/2.4.4/spring-boot-2.4.4.jar:/home/stas/.m2/repository/org/springframework/boot/spring-boot-autoconfigure/2.4.4/spring-boot-autoconfigure-2.4.4.jar:/home/stas/.m2/repository/org/springframework/boot/spring-boot-starter-logging/2.4.4/spring-boot-starter-logging-2.4.4.jar:/home/stas/.m2/repository/org/apache/logging/log4j/log4j-to-slf4j/2.13.3/log4j-to-slf4j-2.13.3.jar:/home/stas/.m2/repository/org/apache/logging/log4j/log4j-api/2.13.3/log4j-api-2.13.3.jar:/home/stas/.m2/repository/org/slf4j/jul-to-slf4j/1.7.30/jul-to-slf4j-1.7.30.jar:/home/stas/.m2/repository/jakarta/annotation/jakarta.annotation-api/1.3.5/jakarta.annotation-api-1.3.5.jar:/home/stas/.m2/repository/org/yaml/snakeyaml/1.27/snakeyaml-1.27.jar:/home/stas/.m2/repository/org/springframework/boot/spring-boot-starter-json/2.4.4/spring-boot-starter-json-2.4.4.jar:/home/stas/.m2/repository/com/fasterxml/jackson/datatype/jackson-datatype-jsr310/2.11.4/jackson-datatype-jsr310-2.11.4.jar:/home/stas/.m2/repository/com/fasterxml/jackson/module/jackson-module-parameter-names/2.11.4/jackson-module-parameter-names-2.11.4.jar:/home/stas/.m2/repository/org/springframework/boot/spring-boot-starter-tomcat/2.4.4/spring-boot-starter-tomcat-2.4.4.jar:/home/stas/.m2/repository/org/glassfish/jakarta.el/3.0.3/jakarta.el-3.0.3.jar:/home/stas/.m2/repository/org/apache/tomcat/embed/tomcat-embed-websocket/9.0.44/tomcat-embed-websocket-9.0.44.jar:/home/stas/.m2/repository/javax/servlet/jstl/1.2/jstl-1.2.jar:/home/stas/.m2/repository/org/apache/tomcat/embed/tomcat-embed-jasper/9.0.44/tomcat-embed-jasper-9.0.44.jar:/home/stas/.m2/repository/org/apache/tomcat/embed/tomcat-embed-core/9.0.44/tomcat-embed-core-9.0.44.jar:/home/stas/.m2/repository/org/apache/tomcat/tomcat-annotations-api/9.0.44/tomcat-annotations-api-9.0.44.jar:/home/stas/.m2/repository/org/apache/tomcat/embed/tomcat-embed-el/9.0.44/tomcat-embed-el-9.0.44.jar:/home/stas/.m2/repository/org/eclipse/jdt/ecj/3.18.0/ecj-3.18.0.jar:/home/stas/.m2/repository/org/eclipse/jdt/core/compiler/ecj/4.6.1/ecj-4.6.1.jar:/home/stas/.m2/repository/org/springframework/boot/spring-boot-starter-test/2.4.4/spring-boot-starter-test-2.4.4.jar:/home/stas/.m2/repository/org/springframework/boot/spring-boot-test/2.4.4/spring-boot-test-2.4.4.jar:/home/stas/.m2/repository/org/springframework/boot/spring-boot-test-autoconfigure/2.4.4/spring-boot-test-autoconfigure-2.4.4.jar:/home/stas/.m2/repository/com/jayway/jsonpath/json-path/2.4.0/json-path-2.4.0.jar:/home/stas/.m2/repository/net/minidev/json-smart/2.3/json-smart-2.3.jar:/home/stas/.m2/repository/net/minidev/accessors-smart/1.2/accessors-smart-1.2.jar:/home/stas/.m2/repository/org/ow2/asm/asm/5.0.4/asm-5.0.4.jar:/home/stas/.m2/repository/jakarta/xml/bind/jakarta.xml.bind-api/2.3.3/jakarta.xml.bind-api-2.3.3.jar:/home/stas/.m2/repository/jakarta/activation/jakarta.activation-api/1.2.2/jakarta.activation-api-1.2.2.jar:/home/stas/.m2/repository/org/assertj/assertj-core/3.18.1/assertj-core-3.18.1.jar:/home/stas/.m2/repository/org/hamcrest/hamcrest/2.2/hamcrest-2.2.jar:/home/stas/.m2/repository/org/junit/jupiter/junit-jupiter/5.7.1/junit-jupiter-5.7.1.jar:/home/stas/.m2/repository/org/junit/jupiter/junit-jupiter-params/5.7.1/junit-jupiter-params-5.7.1.jar:/home/stas/.m2/repository/org/mockito/mockito-core/3.8.0/mockito-core-3.8.0.jar:/home/stas/.m2/repository/net/bytebuddy/byte-buddy-agent/1.10.22/byte-buddy-agent-1.10.22.jar:/home/stas/.m2/repository/org/objenesis/objenesis/3.1/objenesis-3.1.jar:/home/stas/.m2/repository/org/mockito/mockito-junit-jupiter/3.8.0/mockito-junit-jupiter-3.8.0.jar:/home/stas/.m2/repository/org/skyscreamer/jsonassert/1.5.0/jsonassert-1.5.0.jar:/home/stas/.m2/repository/com/vaadin/external/google/android-json/0.0.20131108.vaadin1/android-json-0.0.20131108.vaadin1.jar:/home/stas/.m2/repository/org/xmlunit/xmlunit-core/2.7.0/xmlunit-core-2.7.0.jar:"/>
    <property name="sun.cpu.endian" value="little"/>
    <property name="user.home" value="/home/stas"/>
    <property name="user.language" value="ru"/>
    <property name="java.specification.vendor" value="Oracle Corporation"/>
    <property name="java.version.date" value="2021-01-19"/>
    <property name="java.home" value="/usr/lib/jvm/java-11-openjdk-amd64"/>
    <property name="file.separator" value="/"/>
    <property name="basedir" value="/home/stas/sMenko/web-app"/>
    <property name="java.vm.compressedOopsMode" value="32-bit"/>
    <property name="line.separator" value="&#10;"/>
    <property name="java.specification.name" value="Java Platform API Specification"/>
    <property name="java.vm.specification.vendor" value="Oracle Corporation"/>
    <property name="FILE_LOG_CHARSET" value="UTF-8"/>
    <property name="java.awt.graphicsenv" value="sun.awt.X11GraphicsEnvironment"/>
    <property name="java.awt.headless" value="true"/>
    <property name="surefire.real.class.path" value="/home/stas/sMenko/web-app/target/surefire/surefirebooter17261596214931161630.jar"/>
    <property name="sun.management.compiler" value="HotSpot 64-Bit Tiered Compilers"/>
    <property name="java.runtime.version" value="11.0.10+9-Ubuntu-0ubuntu1.20.04"/>
    <property name="user.name" value="stas"/>
    <property name="path.separator" value=":"/>
    <property name="os.version" value="5.8.0-50-generic"/>
    <property name="java.runtime.name" value="OpenJDK Runtime Environment"/>
    <property name="file.encoding" value="UTF-8"/>
    <property name="spring.beaninfo.ignore" value="true"/>
    <property name="java.vm.name" value="OpenJDK 64-Bit Server VM"/>
    <property name="localRepository" value="/home/stas/.m2/repository"/>
    <property name="java.vendor.url.bug" value="https://bugs.launchpad.net/ubuntu/+source/openjdk-lts"/>
    <property name="java.io.tmpdir" value="/tmp"/>
    <property name="java.version" value="11.0.10"/>
    <property name="user.dir" value="/home/stas/sMenko/web-app"/>
    <property name="os.arch" value="amd64"/>
    <property name="java.vm.specification.name" value="Java Virtual Machine Specification"/>
    <property name="PID" value="5565"/>
    <property name="java.awt.printerjob" value="sun.print.PSPrinterJob"/>
    <property name="sun.os.patch.level" value="unknown"/>
    <property name="CONSOLE_LOG_CHARSET" value="UTF-8"/>
    <property name="java.library.path" value="/usr/java/packages/lib:/usr/lib/x86_64-linux-gnu/jni:/lib/x86_64-linux-gnu:/usr/lib/x86_64-linux-gnu:/usr/lib/jni:/lib:/usr/lib"/>
    <property name="java.vm.info" value="mixed mode, sharing"/>
    <property name="java.vendor" value="Ubuntu"/>
    <property name="java.vm.version" value="11.0.10+9-Ubuntu-0ubuntu1.20.04"/>
    <property name="sun.io.unicode.encoding" value="UnicodeLittle"/>
    <property name="java.class.version" value="55.0"/>
  </properties>
  <testcase name="showAdminPageLogOut" classname="com.epam.brest.service.web_app.AdminCategoryControllerIT" time="0.537"/>
  <testcase name="deleteCategory" classname="com.epam.brest.service.web_app.AdminCategoryControllerIT" time="0.142"/>
  <testcase name="saveCategoryProcessValidationError" classname="com.epam.brest.service.web_app.AdminCategoryControllerIT" time="0.197"/>
  <testcase name="showCreateCategoryPage" classname="com.epam.brest.service.web_app.AdminCategoryControllerIT" time="0.016"/>
  <testcase name="deleteCategoryInOrderError" classname="com.epam.brest.service.web_app.AdminCategoryControllerIT" time="0.019"/>
  <testcase name="showAdminPageSuccess" classname="com.epam.brest.service.web_app.AdminCategoryControllerIT" time="0.016"/>
  <testcase name="saveCategoryProcessSuccess" classname="com.epam.brest.service.web_app.AdminCategoryControllerIT" time="0.033"/>
  <testcase name="showAdminCategoryPageNotAdmin" classname="com.epam.brest.service.web_app.AdminCategoryControllerIT" time="0.021"/>
  <testcase name="updateCategoryProcessSuccess" classname="com.epam.brest.service.web_app.AdminCategoryControllerIT" time="0.024"/>
  <testcase name="showAdminPageNotAdmin" classname="com.epam.brest.service.web_app.AdminCategoryControllerIT" time="0.016"/>
  <testcase name="shouldOpenUpdatePage" classname="com.epam.brest.service.web_app.AdminCategoryControllerIT" time="0.024"/>
  <testcase name="showAdminCategoryPage" classname="com.epam.brest.service.web_app.AdminCategoryControllerIT" time="0.037"/>
</testsuite>